[2023-12-22 20:49:51,241: INFO: main: Welcome to TextShortify]
[2023-12-29 22:50:17,530: INFO: common: yaml file: config\config.yaml loaded successfully]
[2023-12-29 22:50:17,538: INFO: common: yaml file: params.yaml loaded successfully]
[2023-12-29 22:50:17,546: INFO: common: created directory at: artifacts]
[2023-12-29 22:50:17,546: INFO: common: created directory at: artifacts/data_ingestion]
[2023-12-29 22:50:28,241: INFO: common: yaml file: config\config.yaml loaded successfully]
[2023-12-29 22:50:28,249: INFO: common: yaml file: params.yaml loaded successfully]
[2023-12-29 22:50:28,249: INFO: common: created directory at: artifacts]
[2023-12-29 22:50:28,257: INFO: common: created directory at: artifacts/data_ingestion]
[2023-12-29 22:50:36,757: INFO: common: yaml file: config\config.yaml loaded successfully]
[2023-12-29 22:50:36,765: INFO: common: yaml file: params.yaml loaded successfully]
[2023-12-29 22:50:36,765: INFO: common: created directory at: artifacts]
[2023-12-29 22:50:36,773: INFO: common: created directory at: artifacts/data_ingestion]
[2023-12-30 00:26:47,603: INFO: main: >>>>>> stage Data Ingestion stage started <<<<<<]
[2023-12-30 00:26:47,620: INFO: common: yaml file: config\config.yaml loaded successfully]
[2023-12-30 00:26:47,620: INFO: common: yaml file: params.yaml loaded successfully]
[2023-12-30 00:26:47,620: INFO: common: created directory at: artifacts]
[2023-12-30 00:26:47,620: INFO: common: created directory at: artifacts/data_ingestion]
[2023-12-30 00:26:50,439: INFO: data_ingestion: artifacts/data_ingestion/legal_case_dataset.zip download! with following info: 
Content-Type: text/html; charset=utf-8
X-Robots-Tag: noindex, nofollow, nosnippet
Cache-Control: no-cache, no-store, max-age=0, must-revalidate
Pragma: no-cache
Expires: Mon, 01 Jan 1990 00:00:00 GMT
Date: Fri, 29 Dec 2023 18:56:49 GMT
P3P: CP="This is not a P3P policy! See g.co/p3phelp for more info."
Content-Security-Policy: require-trusted-types-for 'script';report-uri https://csp.withgoogle.com/csp/docs-tt
Referrer-Policy: origin
X-Content-Type-Options: nosniff
X-Frame-Options: SAMEORIGIN
X-XSS-Protection: 1; mode=block
Server: GSE
Set-Cookie: NID=511=qkueDmkuA09jGk7FZuVDo5M0KKs9wWr1v1mlxGxlQE7NvSTNB2TNlPqtztUidAtBej75rmBAzzslGEnpQd-opOv0jQqiYNH_voH_7lfYrd3VeEJNLHSOc4ITwV1N6qVUb7jAq3t6sEXTfDZDjPlIZS9lpk-MBwZGLEhSECqj8us; expires=Sat, 29-Jun-2024 18:56:49 GMT; path=/; domain=.google.com; HttpOnly
Alt-Svc: h3=":443"; ma=2592000,h3-29=":443"; ma=2592000
Accept-Ranges: none
Vary: Sec-Fetch-Dest, Sec-Fetch-Mode, Sec-Fetch-Site,Accept-Encoding
Connection: close
Transfer-Encoding: chunked

]
[2023-12-30 00:26:50,621: ERROR: main: File is not a zip file]
Traceback (most recent call last):
  File "main.py", line 8, in <module>
    data_ingestion.main()
  File "d:\desktop\final_projects\textshortify-text_summariser_tool\src\TextShortify\pipeline\stage_1_data_ingestion.py", line 15, in main
    data_ingestion.extract_zip_file()
  File "d:\desktop\final_projects\textshortify-text_summariser_tool\src\TextShortify\components\data_ingestion.py", line 37, in extract_zip_file
    with zipfile.ZipFile(self.config.local_data_file, 'r') as zip_ref:
  File "C:\Users\Shreya Mishra\.conda\envs\textShortify\lib\zipfile.py", line 1269, in __init__
    self._RealGetContents()
  File "C:\Users\Shreya Mishra\.conda\envs\textShortify\lib\zipfile.py", line 1336, in _RealGetContents
    raise BadZipFile("File is not a zip file")
zipfile.BadZipFile: File is not a zip file
[2023-12-30 00:27:18,555: INFO: main: >>>>>> stage Data Ingestion stage started <<<<<<]
[2023-12-30 00:27:18,555: INFO: common: yaml file: config\config.yaml loaded successfully]
[2023-12-30 00:27:18,555: INFO: common: yaml file: params.yaml loaded successfully]
[2023-12-30 00:27:18,568: INFO: common: created directory at: artifacts]
[2023-12-30 00:27:18,568: INFO: common: created directory at: artifacts/data_ingestion]
[2023-12-30 00:27:21,605: ERROR: main: HTTP Error 429: Too Many Requests]
Traceback (most recent call last):
  File "main.py", line 8, in <module>
    data_ingestion.main()
  File "d:\desktop\final_projects\textshortify-text_summariser_tool\src\TextShortify\pipeline\stage_1_data_ingestion.py", line 14, in main
    data_ingestion.download_file()
  File "d:\desktop\final_projects\textshortify-text_summariser_tool\src\TextShortify\components\data_ingestion.py", line 19, in download_file
    filename, headers = request.urlretrieve(
  File "C:\Users\Shreya Mishra\.conda\envs\textShortify\lib\urllib\request.py", line 247, in urlretrieve
    with contextlib.closing(urlopen(url, data)) as fp:
  File "C:\Users\Shreya Mishra\.conda\envs\textShortify\lib\urllib\request.py", line 222, in urlopen
    return opener.open(url, data, timeout)
  File "C:\Users\Shreya Mishra\.conda\envs\textShortify\lib\urllib\request.py", line 531, in open
    response = meth(req, response)
  File "C:\Users\Shreya Mishra\.conda\envs\textShortify\lib\urllib\request.py", line 640, in http_response
    response = self.parent.error(
  File "C:\Users\Shreya Mishra\.conda\envs\textShortify\lib\urllib\request.py", line 563, in error
    result = self._call_chain(*args)
  File "C:\Users\Shreya Mishra\.conda\envs\textShortify\lib\urllib\request.py", line 502, in _call_chain
    result = func(*args)
  File "C:\Users\Shreya Mishra\.conda\envs\textShortify\lib\urllib\request.py", line 755, in http_error_302
    return self.parent.open(new, timeout=req.timeout)
  File "C:\Users\Shreya Mishra\.conda\envs\textShortify\lib\urllib\request.py", line 531, in open
    response = meth(req, response)
  File "C:\Users\Shreya Mishra\.conda\envs\textShortify\lib\urllib\request.py", line 640, in http_response
    response = self.parent.error(
  File "C:\Users\Shreya Mishra\.conda\envs\textShortify\lib\urllib\request.py", line 569, in error
    return self._call_chain(*args)
  File "C:\Users\Shreya Mishra\.conda\envs\textShortify\lib\urllib\request.py", line 502, in _call_chain
    result = func(*args)
  File "C:\Users\Shreya Mishra\.conda\envs\textShortify\lib\urllib\request.py", line 649, in http_error_default
    raise HTTPError(req.full_url, code, msg, hdrs, fp)
urllib.error.HTTPError: HTTP Error 429: Too Many Requests
[2023-12-30 00:27:31,160: INFO: main: >>>>>> stage Data Ingestion stage started <<<<<<]
[2023-12-30 00:27:31,160: INFO: common: yaml file: config\config.yaml loaded successfully]
[2023-12-30 00:27:31,170: INFO: common: yaml file: params.yaml loaded successfully]
[2023-12-30 00:27:31,170: INFO: common: created directory at: artifacts]
[2023-12-30 00:27:31,170: INFO: common: created directory at: artifacts/data_ingestion]
[2023-12-30 00:27:33,908: ERROR: main: HTTP Error 429: Too Many Requests]
Traceback (most recent call last):
  File "main.py", line 8, in <module>
    data_ingestion.main()
  File "d:\desktop\final_projects\textshortify-text_summariser_tool\src\TextShortify\pipeline\stage_1_data_ingestion.py", line 14, in main
    data_ingestion.download_file()
  File "d:\desktop\final_projects\textshortify-text_summariser_tool\src\TextShortify\components\data_ingestion.py", line 19, in download_file
    filename, headers = request.urlretrieve(
  File "C:\Users\Shreya Mishra\.conda\envs\textShortify\lib\urllib\request.py", line 247, in urlretrieve
    with contextlib.closing(urlopen(url, data)) as fp:
  File "C:\Users\Shreya Mishra\.conda\envs\textShortify\lib\urllib\request.py", line 222, in urlopen
    return opener.open(url, data, timeout)
  File "C:\Users\Shreya Mishra\.conda\envs\textShortify\lib\urllib\request.py", line 531, in open
    response = meth(req, response)
  File "C:\Users\Shreya Mishra\.conda\envs\textShortify\lib\urllib\request.py", line 640, in http_response
    response = self.parent.error(
  File "C:\Users\Shreya Mishra\.conda\envs\textShortify\lib\urllib\request.py", line 563, in error
    result = self._call_chain(*args)
  File "C:\Users\Shreya Mishra\.conda\envs\textShortify\lib\urllib\request.py", line 502, in _call_chain
    result = func(*args)
  File "C:\Users\Shreya Mishra\.conda\envs\textShortify\lib\urllib\request.py", line 755, in http_error_302
    return self.parent.open(new, timeout=req.timeout)
  File "C:\Users\Shreya Mishra\.conda\envs\textShortify\lib\urllib\request.py", line 531, in open
    response = meth(req, response)
  File "C:\Users\Shreya Mishra\.conda\envs\textShortify\lib\urllib\request.py", line 640, in http_response
    response = self.parent.error(
  File "C:\Users\Shreya Mishra\.conda\envs\textShortify\lib\urllib\request.py", line 569, in error
    return self._call_chain(*args)
  File "C:\Users\Shreya Mishra\.conda\envs\textShortify\lib\urllib\request.py", line 502, in _call_chain
    result = func(*args)
  File "C:\Users\Shreya Mishra\.conda\envs\textShortify\lib\urllib\request.py", line 649, in http_error_default
    raise HTTPError(req.full_url, code, msg, hdrs, fp)
urllib.error.HTTPError: HTTP Error 429: Too Many Requests
[2023-12-30 00:29:31,910: INFO: main: >>>>>> stage Data Ingestion stage started <<<<<<]
[2023-12-30 00:29:31,926: INFO: common: yaml file: config\config.yaml loaded successfully]
[2023-12-30 00:29:31,926: INFO: common: yaml file: params.yaml loaded successfully]
[2023-12-30 00:29:31,926: INFO: common: created directory at: artifacts]
[2023-12-30 00:29:31,926: INFO: common: created directory at: artifacts/data_ingestion]
[2023-12-30 00:29:31,926: ERROR: main: [Errno 2] No such file or directory: 'artifacts/data_ingestion/legal_case_dataset.zip']
Traceback (most recent call last):
  File "main.py", line 8, in <module>
    data_ingestion.main()
  File "d:\desktop\final_projects\textshortify-text_summariser_tool\src\TextShortify\pipeline\stage_1_data_ingestion.py", line 15, in main
    data_ingestion.extract_zip_file()
  File "d:\desktop\final_projects\textshortify-text_summariser_tool\src\TextShortify\components\data_ingestion.py", line 37, in extract_zip_file
    with zipfile.ZipFile(self.config.local_data_file, 'r') as zip_ref:
  File "C:\Users\Shreya Mishra\.conda\envs\textShortify\lib\zipfile.py", line 1251, in __init__
    self.fp = io.open(file, filemode)
FileNotFoundError: [Errno 2] No such file or directory: 'artifacts/data_ingestion/legal_case_dataset.zip'
[2023-12-30 00:30:07,216: INFO: main: >>>>>> stage Data Ingestion stage started <<<<<<]
[2023-12-30 00:30:07,232: INFO: common: yaml file: config\config.yaml loaded successfully]
[2023-12-30 00:30:07,248: INFO: common: yaml file: params.yaml loaded successfully]
[2023-12-30 00:30:07,248: INFO: common: created directory at: artifacts]
[2023-12-30 00:30:07,248: INFO: common: created directory at: artifacts/data_ingestion]
[2023-12-30 00:30:07,248: ERROR: main: [Errno 13] Permission denied: 'artifacts/data_ingestion/']
Traceback (most recent call last):
  File "main.py", line 8, in <module>
    data_ingestion.main()
  File "d:\desktop\final_projects\textshortify-text_summariser_tool\src\TextShortify\pipeline\stage_1_data_ingestion.py", line 15, in main
    data_ingestion.extract_zip_file()
  File "d:\desktop\final_projects\textshortify-text_summariser_tool\src\TextShortify\components\data_ingestion.py", line 37, in extract_zip_file
    with zipfile.ZipFile(self.config.local_data_file, 'r') as zip_ref:
  File "C:\Users\Shreya Mishra\.conda\envs\textShortify\lib\zipfile.py", line 1251, in __init__
    self.fp = io.open(file, filemode)
PermissionError: [Errno 13] Permission denied: 'artifacts/data_ingestion/'
[2023-12-30 00:30:27,276: INFO: main: >>>>>> stage Data Ingestion stage started <<<<<<]
[2023-12-30 00:30:27,291: INFO: common: yaml file: config\config.yaml loaded successfully]
[2023-12-30 00:30:27,308: INFO: common: yaml file: params.yaml loaded successfully]
[2023-12-30 00:30:27,308: INFO: common: created directory at: artifacts]
[2023-12-30 00:30:27,308: INFO: common: created directory at: artifacts/data_ingestion]
[2023-12-30 00:30:27,308: ERROR: main: [Errno 2] No such file or directory: 'artifacts/data_ingestion/legal_case_document']
Traceback (most recent call last):
  File "main.py", line 8, in <module>
    data_ingestion.main()
  File "d:\desktop\final_projects\textshortify-text_summariser_tool\src\TextShortify\pipeline\stage_1_data_ingestion.py", line 15, in main
    data_ingestion.extract_zip_file()
  File "d:\desktop\final_projects\textshortify-text_summariser_tool\src\TextShortify\components\data_ingestion.py", line 37, in extract_zip_file
    with zipfile.ZipFile(self.config.local_data_file, 'r') as zip_ref:
  File "C:\Users\Shreya Mishra\.conda\envs\textShortify\lib\zipfile.py", line 1251, in __init__
    self.fp = io.open(file, filemode)
FileNotFoundError: [Errno 2] No such file or directory: 'artifacts/data_ingestion/legal_case_document'
[2023-12-30 00:30:34,781: INFO: main: >>>>>> stage Data Ingestion stage started <<<<<<]
[2023-12-30 00:30:34,798: INFO: common: yaml file: config\config.yaml loaded successfully]
[2023-12-30 00:30:34,798: INFO: common: yaml file: params.yaml loaded successfully]
[2023-12-30 00:30:34,805: INFO: common: created directory at: artifacts]
[2023-12-30 00:30:34,806: INFO: common: created directory at: artifacts/data_ingestion]
[2023-12-30 00:30:37,322: ERROR: main: 'DataIngestionConfig' object has no attribute 'jsonl_file']
Traceback (most recent call last):
  File "main.py", line 8, in <module>
    data_ingestion.main()
  File "d:\desktop\final_projects\textshortify-text_summariser_tool\src\TextShortify\pipeline\stage_1_data_ingestion.py", line 16, in main
    data_ingestion.read_jsonl_to_dataframe()
  File "d:\desktop\final_projects\textshortify-text_summariser_tool\src\TextShortify\components\data_ingestion.py", line 53, in read_jsonl_to_dataframe
    jsonl_dir = self.config.jsonl_file
AttributeError: 'DataIngestionConfig' object has no attribute 'jsonl_file'
[2023-12-30 00:33:18,431: INFO: main: >>>>>> stage Data Ingestion stage started <<<<<<]
[2023-12-30 00:33:18,431: INFO: common: yaml file: config\config.yaml loaded successfully]
[2023-12-30 00:33:18,431: INFO: common: yaml file: params.yaml loaded successfully]
[2023-12-30 00:33:18,431: INFO: common: created directory at: artifacts]
[2023-12-30 00:33:18,431: INFO: common: created directory at: artifacts/data_ingestion]
[2023-12-30 00:33:18,431: ERROR: main: __init__() got an unexpected keyword argument 'jsonl_file']
Traceback (most recent call last):
  File "main.py", line 8, in <module>
    data_ingestion.main()
  File "d:\desktop\final_projects\textshortify-text_summariser_tool\src\TextShortify\pipeline\stage_1_data_ingestion.py", line 12, in main
    data_ingestion_config = config.get_data_ingestion_config()
  File "d:\desktop\final_projects\textshortify-text_summariser_tool\src\TextShortify\config\configuration.py", line 20, in get_data_ingestion_config
    data_ingestion_config = DataIngestionConfig(
TypeError: __init__() got an unexpected keyword argument 'jsonl_file'
[2023-12-30 00:34:18,155: INFO: main: >>>>>> stage Data Ingestion stage started <<<<<<]
[2023-12-30 00:34:18,155: INFO: common: yaml file: config\config.yaml loaded successfully]
[2023-12-30 00:34:18,155: INFO: common: yaml file: params.yaml loaded successfully]
[2023-12-30 00:34:18,165: INFO: common: created directory at: artifacts]
[2023-12-30 00:34:18,165: INFO: common: created directory at: artifacts/data_ingestion]
[2023-12-30 00:34:18,165: ERROR: main: __init__() got an unexpected keyword argument 'jsonl_file']
Traceback (most recent call last):
  File "main.py", line 8, in <module>
    data_ingestion.main()
  File "d:\desktop\final_projects\textshortify-text_summariser_tool\src\TextShortify\pipeline\stage_1_data_ingestion.py", line 12, in main
    data_ingestion_config = config.get_data_ingestion_config()
  File "d:\desktop\final_projects\textshortify-text_summariser_tool\src\TextShortify\config\configuration.py", line 20, in get_data_ingestion_config
    data_ingestion_config = DataIngestionConfig(
TypeError: __init__() got an unexpected keyword argument 'jsonl_file'
[2023-12-30 00:34:52,227: INFO: main: >>>>>> stage Data Ingestion stage started <<<<<<]
[2023-12-30 00:34:52,227: INFO: common: yaml file: config\config.yaml loaded successfully]
[2023-12-30 00:34:52,242: INFO: common: yaml file: params.yaml loaded successfully]
[2023-12-30 00:34:52,242: INFO: common: created directory at: artifacts]
[2023-12-30 00:34:52,242: INFO: common: created directory at: artifacts/data_ingestion]
[2023-12-30 00:35:08,096: INFO: main: >>>>>> stage Data Ingestion stage completed <<<<<<

x==========x]
[2023-12-30 20:20:53,993: INFO: common: yaml file: config\config.yaml loaded successfully]
[2023-12-30 20:20:54,009: INFO: common: yaml file: params.yaml loaded successfully]
[2023-12-30 20:20:54,017: INFO: common: created directory at: artifacts]
[2023-12-30 20:20:54,017: INFO: common: created directory at: artifacts/data_ingestion]
[2023-12-30 20:23:29,555: INFO: common: yaml file: config\config.yaml loaded successfully]
[2023-12-30 20:23:29,555: INFO: common: yaml file: params.yaml loaded successfully]
[2023-12-30 20:23:29,563: INFO: common: created directory at: artifacts]
[2023-12-30 20:23:29,563: INFO: common: created directory at: artifacts/data_ingestion]
[2023-12-30 20:24:58,021: INFO: common: yaml file: config\config.yaml loaded successfully]
[2023-12-30 20:24:58,021: INFO: common: yaml file: params.yaml loaded successfully]
[2023-12-30 20:24:58,029: INFO: common: created directory at: artifacts]
[2023-12-30 20:24:58,029: INFO: common: created directory at: artifacts/data_ingestion]
[2023-12-30 20:25:42,445: INFO: common: yaml file: config\config.yaml loaded successfully]
[2023-12-30 20:25:42,446: INFO: common: yaml file: params.yaml loaded successfully]
[2023-12-30 20:25:42,454: INFO: common: created directory at: artifacts]
[2023-12-30 20:25:42,454: INFO: common: created directory at: artifacts/data_ingestion]
[2023-12-30 20:27:07,867: INFO: common: yaml file: config\config.yaml loaded successfully]
[2023-12-30 20:27:07,868: INFO: common: yaml file: params.yaml loaded successfully]
[2023-12-30 20:27:07,868: INFO: common: created directory at: artifacts]
[2023-12-30 20:27:07,876: INFO: common: created directory at: artifacts/data_ingestion]
[2023-12-30 20:28:14,179: INFO: common: yaml file: config\config.yaml loaded successfully]
[2023-12-30 20:28:14,179: INFO: common: yaml file: params.yaml loaded successfully]
[2023-12-30 20:28:14,187: INFO: common: created directory at: artifacts]
[2023-12-30 20:28:14,187: INFO: common: created directory at: artifacts/data_ingestion]
[2023-12-30 20:28:34,340: INFO: common: yaml file: config\config.yaml loaded successfully]
[2023-12-30 20:28:34,348: INFO: common: yaml file: params.yaml loaded successfully]
[2023-12-30 20:28:34,348: INFO: common: created directory at: artifacts]
[2023-12-30 20:28:34,356: INFO: common: created directory at: artifacts/data_ingestion]
[2023-12-30 20:31:38,865: INFO: common: yaml file: config\config.yaml loaded successfully]
[2023-12-30 20:31:38,865: INFO: common: yaml file: params.yaml loaded successfully]
[2023-12-30 20:31:38,873: INFO: common: created directory at: artifacts]
[2023-12-30 20:31:38,873: INFO: common: created directory at: artifacts/data_ingestion]
[2023-12-30 20:56:47,043: INFO: common: yaml file: config\config.yaml loaded successfully]
[2023-12-30 20:56:47,043: INFO: common: yaml file: params.yaml loaded successfully]
[2023-12-30 20:56:47,051: INFO: common: created directory at: artifacts]
[2023-12-30 20:56:47,051: INFO: common: created directory at: artifacts/data_transformation]
[2023-12-30 21:05:29,099: INFO: common: yaml file: config\config.yaml loaded successfully]
[2023-12-30 21:05:29,099: INFO: common: yaml file: params.yaml loaded successfully]
[2023-12-30 21:05:29,107: INFO: common: created directory at: artifacts]
[2023-12-30 21:05:29,107: INFO: common: created directory at: artifacts/data_transformation]
[2023-12-30 21:15:21,705: INFO: common: yaml file: config\config.yaml loaded successfully]
[2023-12-30 21:15:21,705: INFO: common: yaml file: params.yaml loaded successfully]
[2023-12-30 21:15:21,713: INFO: common: created directory at: artifacts]
[2023-12-30 21:15:21,713: INFO: common: created directory at: artifacts/data_transformation]
[2023-12-30 22:12:45,487: INFO: common: yaml file: config\config.yaml loaded successfully]
[2023-12-30 22:12:45,495: INFO: common: yaml file: params.yaml loaded successfully]
[2023-12-30 22:12:45,495: INFO: common: created directory at: artifacts]
[2023-12-30 22:12:45,495: INFO: common: created directory at: artifacts/data_transformation]
[2023-12-30 22:14:42,827: INFO: common: yaml file: config\config.yaml loaded successfully]
[2023-12-30 22:14:42,835: INFO: common: yaml file: params.yaml loaded successfully]
[2023-12-30 22:14:42,835: INFO: common: created directory at: artifacts]
[2023-12-30 22:14:42,835: INFO: common: created directory at: artifacts/data_transformation]
[2023-12-30 22:16:06,078: INFO: common: yaml file: config\config.yaml loaded successfully]
[2023-12-30 22:16:06,078: INFO: common: yaml file: params.yaml loaded successfully]
[2023-12-30 22:16:06,086: INFO: common: created directory at: artifacts]
[2023-12-30 22:16:06,086: INFO: common: created directory at: artifacts/data_transformation]
[2023-12-30 22:16:38,256: INFO: common: yaml file: config\config.yaml loaded successfully]
[2023-12-30 22:16:38,256: INFO: common: yaml file: params.yaml loaded successfully]
[2023-12-30 22:16:38,264: INFO: common: created directory at: artifacts]
[2023-12-30 22:16:38,264: INFO: common: created directory at: artifacts/data_transformation]
[2023-12-30 22:18:57,205: INFO: common: yaml file: config\config.yaml loaded successfully]
[2023-12-30 22:18:57,206: INFO: common: yaml file: params.yaml loaded successfully]
[2023-12-30 22:18:57,214: INFO: common: created directory at: artifacts]
[2023-12-30 22:18:57,214: INFO: common: created directory at: artifacts/data_transformation]
[2023-12-30 22:19:32,247: INFO: common: yaml file: config\config.yaml loaded successfully]
[2023-12-30 22:19:32,247: INFO: common: yaml file: params.yaml loaded successfully]
[2023-12-30 22:19:32,257: INFO: common: created directory at: artifacts]
[2023-12-30 22:19:32,257: INFO: common: created directory at: artifacts/data_transformation]
[2023-12-30 22:36:12,819: INFO: common: yaml file: config\config.yaml loaded successfully]
[2023-12-30 22:36:12,821: INFO: common: yaml file: params.yaml loaded successfully]
[2023-12-30 22:36:12,829: INFO: common: created directory at: artifacts]
[2023-12-30 22:36:12,829: INFO: common: created directory at: artifacts/data_transformation]
[2023-12-30 22:36:26,624: INFO: common: yaml file: config\config.yaml loaded successfully]
[2023-12-30 22:36:26,624: INFO: common: yaml file: params.yaml loaded successfully]
[2023-12-30 22:36:26,624: INFO: common: created directory at: artifacts]
[2023-12-30 22:36:26,632: INFO: common: created directory at: artifacts/data_transformation]
[2023-12-30 22:37:40,852: INFO: common: yaml file: config\config.yaml loaded successfully]
[2023-12-30 22:37:40,852: INFO: common: yaml file: params.yaml loaded successfully]
[2023-12-30 22:37:40,860: INFO: common: created directory at: artifacts]
[2023-12-30 22:37:40,860: INFO: common: created directory at: artifacts/data_transformation]
[2023-12-30 22:37:47,619: INFO: common: yaml file: config\config.yaml loaded successfully]
[2023-12-30 22:37:47,619: INFO: common: yaml file: params.yaml loaded successfully]
[2023-12-30 22:37:47,627: INFO: common: created directory at: artifacts]
[2023-12-30 22:37:47,627: INFO: common: created directory at: artifacts/data_transformation]
[2023-12-30 22:38:25,824: INFO: common: yaml file: config\config.yaml loaded successfully]
[2023-12-30 22:38:25,824: INFO: common: yaml file: params.yaml loaded successfully]
[2023-12-30 22:38:25,833: INFO: common: created directory at: artifacts]
[2023-12-30 22:38:25,833: INFO: common: created directory at: artifacts/data_transformation]
[2023-12-30 22:39:24,921: INFO: common: yaml file: config\config.yaml loaded successfully]
[2023-12-30 22:39:24,922: INFO: common: yaml file: params.yaml loaded successfully]
[2023-12-30 22:39:24,922: INFO: common: created directory at: artifacts]
[2023-12-30 22:39:24,930: INFO: common: created directory at: artifacts/data_transformation]
[2023-12-30 22:39:55,691: INFO: common: yaml file: config\config.yaml loaded successfully]
[2023-12-30 22:39:55,692: INFO: common: yaml file: params.yaml loaded successfully]
[2023-12-30 22:39:55,692: INFO: common: created directory at: artifacts]
[2023-12-30 22:39:55,700: INFO: common: created directory at: artifacts/data_transformation]
[2023-12-30 22:42:43,809: INFO: common: yaml file: config\config.yaml loaded successfully]
[2023-12-30 22:42:43,811: INFO: common: yaml file: params.yaml loaded successfully]
[2023-12-30 22:42:43,811: INFO: common: created directory at: artifacts]
[2023-12-30 22:42:43,819: INFO: common: created directory at: artifacts/data_transformation]
[2023-12-30 22:43:37,457: INFO: common: yaml file: config\config.yaml loaded successfully]
[2023-12-30 22:43:37,465: INFO: common: yaml file: params.yaml loaded successfully]
[2023-12-30 22:43:37,465: INFO: common: created directory at: artifacts]
[2023-12-30 22:43:37,473: INFO: common: created directory at: artifacts/data_transformation]
[2023-12-30 22:44:50,692: INFO: common: yaml file: config\config.yaml loaded successfully]
[2023-12-30 22:44:50,700: INFO: common: yaml file: params.yaml loaded successfully]
[2023-12-30 22:44:50,700: INFO: common: created directory at: artifacts]
[2023-12-30 22:44:50,708: INFO: common: created directory at: artifacts/data_transformation]
[2023-12-30 22:47:03,100: INFO: common: yaml file: config\config.yaml loaded successfully]
[2023-12-30 22:47:03,100: INFO: common: yaml file: params.yaml loaded successfully]
[2023-12-30 22:47:03,108: INFO: common: created directory at: artifacts]
[2023-12-30 22:47:03,108: INFO: common: created directory at: artifacts/data_transformation]
[2023-12-30 22:50:47,500: INFO: common: yaml file: config\config.yaml loaded successfully]
[2023-12-30 22:50:47,502: INFO: common: yaml file: params.yaml loaded successfully]
[2023-12-30 22:50:47,510: INFO: common: created directory at: artifacts]
[2023-12-30 22:50:47,510: INFO: common: created directory at: artifacts/data_transformation]
[2023-12-30 22:54:08,744: INFO: common: yaml file: config\config.yaml loaded successfully]
[2023-12-30 22:54:08,752: INFO: common: yaml file: params.yaml loaded successfully]
[2023-12-30 22:54:08,760: INFO: common: created directory at: artifacts]
[2023-12-30 22:54:08,760: INFO: common: created directory at: artifacts/data_transformation]
[2023-12-30 23:43:30,791: INFO: main: >>>>>> stage Data Ingestion stage started <<<<<<]
[2023-12-30 23:43:30,808: INFO: common: yaml file: config\config.yaml loaded successfully]
[2023-12-30 23:43:30,818: INFO: common: yaml file: params.yaml loaded successfully]
[2023-12-30 23:43:30,818: INFO: common: created directory at: artifacts]
[2023-12-30 23:43:30,818: INFO: common: created directory at: artifacts/data_ingestion]
[2023-12-30 23:43:46,297: INFO: main: >>>>>> stage Data Ingestion stage completed <<<<<<

x==========x]
[2023-12-30 23:43:46,297: INFO: main: >>>>>> stage Data Transformation stage started <<<<<<]
[2023-12-30 23:43:46,313: INFO: common: yaml file: config\config.yaml loaded successfully]
[2023-12-30 23:43:46,314: INFO: common: yaml file: params.yaml loaded successfully]
[2023-12-30 23:43:46,314: INFO: common: created directory at: artifacts]
[2023-12-30 23:43:46,314: INFO: common: created directory at: artifacts/data_transformation]
[2023-12-30 23:43:57,010: INFO: main: >>>>>> stage Data Transformation stage completed <<<<<<

x==========x]
[2024-02-04 11:47:10,835: INFO: config: PyTorch version 2.1.2 available.]
[2024-02-04 11:47:10,835: INFO: config: TensorFlow version 2.15.0 available.]
[2024-02-04 11:51:23,982: INFO: config: PyTorch version 2.1.2 available.]
[2024-02-04 11:51:23,982: INFO: config: TensorFlow version 2.15.0 available.]
[2024-02-04 11:52:17,798: INFO: config: PyTorch version 2.1.2 available.]
[2024-02-04 11:52:17,798: INFO: config: TensorFlow version 2.15.0 available.]
